Flow report for nextState
Fri Oct 26 03:09:44 2018
Quartus Prime Version 16.0.0 Build 211 04/27/2016 SJ Lite Edition


---------------------
; Table of Contents ;
---------------------
  1. Legal Notice
  2. Flow Summary
  3. Flow Settings
  4. Flow Non-Default Global Settings
  5. Flow Elapsed Time
  6. Flow OS Summary
  7. Flow Log
  8. Flow Messages
  9. Flow Suppressed Messages



----------------
; Legal Notice ;
----------------
Copyright (C) 1991-2016 Altera Corporation. All rights reserved.
Your use of Altera Corporation's design tools, logic functions 
and other software and tools, and its AMPP partner logic 
functions, and any output files from any of the foregoing 
(including device programming or simulation files), and any 
associated documentation or information are expressly subject 
to the terms and conditions of the Altera Program License 
Subscription Agreement, the Altera Quartus Prime License Agreement,
the Altera MegaCore Function License Agreement, or other 
applicable license agreement, including, without limitation, 
that your use is for the sole purpose of programming logic 
devices manufactured by Altera and sold by Altera or its 
authorized distributors.  Please refer to the applicable 
agreement for further details.



+---------------------------------------------------------------------+
; Flow Summary                                                        ;
+-----------------------+---------------------------------------------+
; Flow Status           ; Flow Failed - Fri Oct 26 03:09:44 2018      ;
; Quartus Prime Version ; 16.0.0 Build 211 04/27/2016 SJ Lite Edition ;
; Revision Name         ; nextState                                   ;
; Top-level Entity Name ; ALU                                         ;
; Family                ; MAX V                                       ;
; Device                ; 5M1270ZT144C5                               ;
; Timing Models         ; Final                                       ;
+-----------------------+---------------------------------------------+


+-----------------------------------------+
; Flow Settings                           ;
+-------------------+---------------------+
; Option            ; Setting             ;
+-------------------+---------------------+
; Start date & time ; 10/26/2018 03:09:35 ;
; Main task         ; Compilation         ;
; Revision Name     ; nextState           ;
+-------------------+---------------------+


+------------------------------------------------------------------------------------------------------------+
; Flow Non-Default Global Settings                                                                           ;
+-------------------------------+-----------------------------+---------------+-------------+----------------+
; Assignment Name               ; Value                       ; Default Value ; Entity Name ; Section Id     ;
+-------------------------------+-----------------------------+---------------+-------------+----------------+
; COMPILER_SIGNATURE_ID         ; 0.154050357508741           ; --            ; --          ; --             ;
; EDA_OUTPUT_DATA_FORMAT        ; Verilog Hdl                 ; --            ; --          ; eda_simulation ;
; EDA_SIMULATION_TOOL           ; ModelSim-Altera (Verilog)   ; <None>        ; --          ; --             ;
; EDA_TIME_SCALE                ; 1 ps                        ; --            ; --          ; eda_simulation ;
; MAX_CORE_JUNCTION_TEMP        ; 85                          ; --            ; --          ; --             ;
; MIN_CORE_JUNCTION_TEMP        ; 0                           ; --            ; --          ; --             ;
; POWER_PRESET_COOLING_SOLUTION ; No Heat Sink With Still Air ; --            ; --          ; --             ;
; PROJECT_OUTPUT_DIRECTORY      ; output_files                ; --            ; --          ; --             ;
; TOP_LEVEL_ENTITY              ; ALU                         ; nextState     ; --          ; --             ;
+-------------------------------+-----------------------------+---------------+-------------+----------------+


+--------------------------------------------------------------------------------------------------------------------------+
; Flow Elapsed Time                                                                                                        ;
+----------------------+--------------+-------------------------+---------------------+------------------------------------+
; Module Name          ; Elapsed Time ; Average Processors Used ; Peak Virtual Memory ; Total CPU Time (on all processors) ;
+----------------------+--------------+-------------------------+---------------------+------------------------------------+
; Analysis & Synthesis ; 00:00:10     ; 1.0                     ; 1218 MB             ; 00:00:24                           ;
; Total                ; 00:00:10     ; --                      ; --                  ; 00:00:24                           ;
+----------------------+--------------+-------------------------+---------------------+------------------------------------+


+------------------------------------------------------------------------------------------------+
; Flow OS Summary                                                                                ;
+----------------------+--------------------------+----------------+------------+----------------+
; Module Name          ; Machine Hostname         ; OS Name        ; OS Version ; Processor type ;
+----------------------+--------------------------+----------------+------------+----------------+
; Analysis & Synthesis ; gimmepizza-ThinkPad-E470 ; Ubuntu 16.04.5 ; 16         ; x86_64         ;
+----------------------+--------------------------+----------------+------------+----------------+


------------
; Flow Log ;
------------
quartus_map --read_settings_files=on --write_settings_files=off Project1 -c nextState



